<?xml version="1.0" encoding="UTF-8"?>
<!-- Generated by org.testng.reporters.JUnitReportReporter -->
<testsuite skipped="0" hostname="IBM-Testing01" name="googleTest.Verifygooglepage" tests="2" failures="0" timestamp="10 Jan 2020 11:06:34 GMT" time="17.475" errors="0">
  <testcase name="checktitle" time="7.845" classname="googleTest.Verifygooglepage"/>
  <testcase name="checklogo" time="9.630" classname="googleTest.Verifygooglepage"/>
</testsuite> <!-- googleTest.Verifygooglepage -->
